<?xml version="1.0" encoding="UTF-8"?>
<coverage generated="1642338289021" clover="3.2.0">
  <project timestamp="1642338289021" name="All files">
    <metrics statements="120" coveredstatements="97" conditionals="108" coveredconditionals="73" methods="46" coveredmethods="33" elements="274" coveredelements="203" complexity="0" loc="120" ncloc="120" packages="3" files="8" classes="8"/>
    <package name="src">
      <metrics statements="23" coveredstatements="22" conditionals="0" coveredconditionals="0" methods="2" coveredmethods="2"/>
      <file name="constants.js" path="/Users/jitesh/card-game/src/constants.js">
        <metrics statements="5" coveredstatements="5" conditionals="0" coveredconditionals="0" methods="0" coveredmethods="0"/>
        <line num="1" count="2" type="stmt"/>
        <line num="3" count="2" type="stmt"/>
        <line num="5" count="2" type="stmt"/>
        <line num="7" count="2" type="stmt"/>
        <line num="9" count="2" type="stmt"/>
      </file>
      <file name="mainReducer.js" path="/Users/jitesh/card-game/src/mainReducer.js">
        <metrics statements="4" coveredstatements="4" conditionals="0" coveredconditionals="0" methods="0" coveredmethods="0"/>
        <line num="1" count="2" type="stmt"/>
        <line num="2" count="2" type="stmt"/>
        <line num="4" count="2" type="stmt"/>
        <line num="8" count="2" type="stmt"/>
      </file>
      <file name="utils.js" path="/Users/jitesh/card-game/src/utils.js">
        <metrics statements="14" coveredstatements="13" conditionals="0" coveredconditionals="0" methods="2" coveredmethods="2"/>
        <line num="1" count="2" type="stmt"/>
        <line num="2" count="1" type="stmt"/>
        <line num="3" count="1" type="stmt"/>
        <line num="4" count="12" type="stmt"/>
        <line num="5" count="12" type="stmt"/>
        <line num="6" count="12" type="stmt"/>
        <line num="8" count="1" type="stmt"/>
        <line num="12" count="1" type="stmt"/>
        <line num="14" count="1" type="stmt"/>
        <line num="15" count="6" type="stmt"/>
        <line num="16" count="6" type="stmt"/>
        <line num="17" count="0" type="stmt"/>
        <line num="19" count="6" type="stmt"/>
        <line num="22" count="1" type="stmt"/>
      </file>
    </package>
    <package name="src.Components.Card">
      <metrics statements="23" coveredstatements="23" conditionals="49" coveredconditionals="34" methods="14" coveredmethods="11"/>
      <file name="index.js" path="/Users/jitesh/card-game/src/Components/Card/index.js">
        <metrics statements="23" coveredstatements="23" conditionals="49" coveredconditionals="34" methods="14" coveredmethods="11"/>
        <line num="1" count="2" type="stmt"/>
        <line num="2" count="2" type="stmt"/>
        <line num="4" count="273" type="cond" truecount="28" falsecount="15"/>
        <line num="6" count="2" type="stmt"/>
        <line num="7" count="2" type="stmt"/>
        <line num="10" count="14" type="stmt"/>
        <line num="11" count="13" type="stmt"/>
        <line num="12" count="13" type="stmt"/>
        <line num="14" count="13" type="stmt"/>
        <line num="16" count="13" type="stmt"/>
        <line num="27" count="13" type="stmt"/>
        <line num="38" count="13" type="stmt"/>
        <line num="39" count="1" type="stmt"/>
        <line num="45" count="13" type="stmt"/>
        <line num="46" count="12" type="stmt"/>
        <line num="53" count="13" type="stmt"/>
        <line num="54" count="12" type="cond" truecount="3" falsecount="0"/>
        <line num="57" count="13" type="stmt"/>
        <line num="58" count="1" type="cond" truecount="3" falsecount="0"/>
        <line num="59" count="1" type="stmt"/>
        <line num="62" count="13" type="stmt"/>
        <line num="75" count="2" type="stmt"/>
        <line num="109" count="2" type="stmt"/>
      </file>
    </package>
    <package name="src.Components.Home">
      <metrics statements="74" coveredstatements="52" conditionals="59" coveredconditionals="39" methods="30" coveredmethods="20"/>
      <file name="actions.js" path="/Users/jitesh/card-game/src/Components/Home/actions.js">
        <metrics statements="2" coveredstatements="2" conditionals="0" coveredconditionals="0" methods="1" coveredmethods="1"/>
        <line num="1" count="1" type="stmt"/>
        <line num="4" count="1" type="stmt"/>
      </file>
      <file name="actions.types.js" path="/Users/jitesh/card-game/src/Components/Home/actions.types.js">
        <metrics statements="2" coveredstatements="2" conditionals="0" coveredconditionals="0" methods="0" coveredmethods="0"/>
        <line num="1" count="2" type="stmt"/>
        <line num="5" count="2" type="stmt"/>
      </file>
      <file name="index.js" path="/Users/jitesh/card-game/src/Components/Home/index.js">
        <metrics statements="61" coveredstatements="39" conditionals="41" coveredconditionals="25" methods="23" coveredmethods="15"/>
        <line num="1" count="1" type="stmt"/>
        <line num="3" count="1" type="stmt"/>
        <line num="4" count="1" type="stmt"/>
        <line num="6" count="1" type="stmt"/>
        <line num="7" count="1" type="stmt"/>
        <line num="8" count="28" type="cond" truecount="23" falsecount="10"/>
        <line num="10" count="3" type="stmt"/>
        <line num="11" count="2" type="stmt"/>
        <line num="12" count="2" type="stmt"/>
        <line num="13" count="2" type="stmt"/>
        <line num="14" count="2" type="stmt"/>
        <line num="15" count="2" type="stmt"/>
        <line num="17" count="2" type="stmt"/>
        <line num="18" count="1" type="stmt"/>
        <line num="21" count="2" type="stmt"/>
        <line num="22" count="1" type="cond" truecount="1" falsecount="1"/>
        <line num="23" count="0" type="stmt"/>
        <line num="27" count="2" type="stmt"/>
        <line num="28" count="1" type="stmt"/>
        <line num="31" count="2" type="stmt"/>
        <line num="32" count="0" type="stmt"/>
        <line num="33" count="0" type="stmt"/>
        <line num="34" count="0" type="stmt"/>
        <line num="35" count="0" type="stmt"/>
        <line num="38" count="2" type="stmt"/>
        <line num="39" count="0" type="stmt"/>
        <line num="40" count="0" type="cond" truecount="0" falsecount="2"/>
        <line num="41" count="0" type="stmt"/>
        <line num="42" count="0" type="stmt"/>
        <line num="43" count="0" type="stmt"/>
        <line num="46" count="0" type="stmt"/>
        <line num="47" count="0" type="stmt"/>
        <line num="51" count="2" type="stmt"/>
        <line num="52" count="0" type="stmt"/>
        <line num="54" count="0" type="cond" truecount="0" falsecount="2"/>
        <line num="55" count="0" type="stmt"/>
        <line num="56" count="0" type="stmt"/>
        <line num="58" count="0" type="stmt"/>
        <line num="59" count="0" type="stmt"/>
        <line num="63" count="2" type="stmt"/>
        <line num="64" count="12" type="stmt"/>
        <line num="67" count="2" type="stmt"/>
        <line num="68" count="12" type="stmt"/>
        <line num="71" count="2" type="stmt"/>
        <line num="72" count="1" type="cond" truecount="1" falsecount="1"/>
        <line num="73" count="0" type="stmt"/>
        <line num="81" count="2" type="stmt"/>
        <line num="82" count="0" type="stmt"/>
        <line num="84" count="2" type="stmt"/>
        <line num="85" count="0" type="stmt"/>
        <line num="88" count="2" type="stmt"/>
        <line num="89" count="12" type="stmt"/>
        <line num="93" count="0" type="stmt"/>
        <line num="103" count="2" type="stmt"/>
        <line num="123" count="1" type="stmt"/>
        <line num="154" count="1" type="stmt"/>
        <line num="155" count="2" type="stmt"/>
        <line num="160" count="1" type="stmt"/>
        <line num="161" count="1" type="stmt"/>
        <line num="162" count="1" type="stmt"/>
        <line num="166" count="1" type="stmt"/>
      </file>
      <file name="reducer.js" path="/Users/jitesh/card-game/src/Components/Home/reducer.js">
        <metrics statements="9" coveredstatements="9" conditionals="18" coveredconditionals="14" methods="6" coveredmethods="4"/>
        <line num="1" count="2" type="stmt"/>
        <line num="2" count="2" type="stmt"/>
        <line num="3" count="3" type="cond" truecount="7" falsecount="3"/>
        <line num="5" count="2" type="stmt"/>
        <line num="9" count="6" type="cond" truecount="5" falsecount="1"/>
        <line num="10" count="6" type="cond" truecount="2" falsecount="0"/>
        <line num="12" count="1" type="stmt"/>
        <line num="13" count="1" type="stmt"/>
        <line num="18" count="5" type="stmt"/>
      </file>
    </package>
  </project>
</coverage>
