{"/Users/jitesh/card-game/src/constants.js": {"path":"/Users/jitesh/card-game/src/constants.js","statementMap":{"0":{"start":{"line":1,"column":13},"end":{"line":1,"column":75}},"1":{"start":{"line":1,"column":75},"end":{"line":1,"column":256}},"2":{"start":{"line":1,"column":289},"end":{"line":1,"column":290}},"3":{"start":{"line":1,"column":291},"end":{"line":1,"column":355}},"4":{"start":{"line":3,"column":29},"end":{"line":3,"column":30}},"5":{"start":{"line":3,"column":31},"end":{"line":3,"column":87}},"6":{"start":{"line":5,"column":27},"end":{"line":5,"column":30}},"7":{"start":{"line":5,"column":31},"end":{"line":5,"column":83}},"8":{"start":{"line":7,"column":35},"end":{"line":7,"column":39}},"9":{"start":{"line":7,"column":40},"end":{"line":7,"column":108}},"10":{"start":{"line":9,"column":30},"end":{"line":9,"column":33}},"11":{"start":{"line":9,"column":34},"end":{"line":9,"column":92}}},"fnMap":{},"branchMap":{},"s":{"0":2,"1":2,"2":2,"3":2,"4":2,"5":2,"6":2,"7":2,"8":2,"9":2,"10":2,"11":2},"f":{},"b":{},"inputSourceMap":null,"_coverageSchema":"1a1c01bbd47fc00a2c39e90264f33305004495a9","hash":"659b37cc7ff8482e2c5d86cb6a42fdcac00bdb0e"}
,"/Users/jitesh/card-game/src/mainReducer.js": {"path":"/Users/jitesh/card-game/src/mainReducer.js","statementMap":{"0":{"start":{"line":1,"column":42},"end":{"line":1,"column":97}},"1":{"start":{"line":1,"column":98},"end":{"line":1,"column":160}},"2":{"start":{"line":1,"column":160},"end":{"line":1,"column":185}},"3":{"start":{"line":1,"column":198},"end":{"line":1,"column":214}},"4":{"start":{"line":2,"column":15},"end":{"line":2,"column":75}},"5":{"start":{"line":4,"column":18},"end":{"line":5,"column":34}},"6":{"start":{"line":8,"column":0},"end":{"line":8,"column":11}},"7":{"start":{"line":8,"column":12},"end":{"line":8,"column":39}}},"fnMap":{},"branchMap":{},"s":{"0":2,"1":2,"2":2,"3":2,"4":2,"5":2,"6":2,"7":2},"f":{},"b":{},"inputSourceMap":null,"_coverageSchema":"1a1c01bbd47fc00a2c39e90264f33305004495a9","hash":"ac8284f015828c5d73ac7723f5a544c3f15fe3f0"}
,"/Users/jitesh/card-game/src/utils.js": {"path":"/Users/jitesh/card-game/src/utils.js","statementMap":{"0":{"start":{"line":1,"column":13},"end":{"line":1,"column":75}},"1":{"start":{"line":1,"column":75},"end":{"line":1,"column":137}},"2":{"start":{"line":1,"column":137},"end":{"line":1,"column":189}},"3":{"start":{"line":2,"column":15},"end":{"line":2,"column":27}},"4":{"start":{"line":3,"column":2},"end":{"line":7,"column":3}},"5":{"start":{"line":3,"column":15},"end":{"line":3,"column":21}},"6":{"start":{"line":4,"column":22},"end":{"line":4,"column":51}},"7":{"start":{"line":5,"column":23},"end":{"line":5,"column":28}},"8":{"start":{"line":6,"column":4},"end":{"line":6,"column":45}},"9":{"start":{"line":6,"column":46},"end":{"line":6,"column":75}},"10":{"start":{"line":6,"column":75},"end":{"line":6,"column":105}},"11":{"start":{"line":8,"column":2},"end":{"line":8,"column":15}},"12":{"start":{"line":12,"column":20},"end":{"line":12,"column":22}},"13":{"start":{"line":14,"column":2},"end":{"line":20,"column":3}},"14":{"start":{"line":14,"column":15},"end":{"line":14,"column":16}},"15":{"start":{"line":15,"column":23},"end":{"line":15,"column":84}},"16":{"start":{"line":16,"column":4},"end":{"line":18,"column":5}},"17":{"start":{"line":17,"column":6},"end":{"line":17,"column":83}},"18":{"start":{"line":19,"column":4},"end":{"line":19,"column":35}},"19":{"start":{"line":22,"column":2},"end":{"line":22,"column":41}}},"fnMap":{"0":{"name":"shuffleArrayElements","decl":{"start":{"line":1,"column":198},"end":{"line":1,"column":218}},"loc":{"start":{"line":1,"column":226},"end":{"line":9,"column":1}},"line":1},"1":{"name":"generateRandomNumberPairs","decl":{"start":{"line":11,"column":9},"end":{"line":11,"column":34}},"loc":{"start":{"line":11,"column":70},"end":{"line":23,"column":1}},"line":11}},"branchMap":{},"s":{"0":2,"1":2,"2":2,"3":1,"4":1,"5":1,"6":12,"7":12,"8":12,"9":12,"10":12,"11":1,"12":1,"13":1,"14":1,"15":6,"16":6,"17":0,"18":6,"19":1},"f":{"0":1,"1":1},"b":{},"inputSourceMap":null,"_coverageSchema":"1a1c01bbd47fc00a2c39e90264f33305004495a9","hash":"c142a9cddf4b4a8c324c2a00ed664123ea974dc1"}
,"/Users/jitesh/card-game/src/Components/Card/index.js": {"path":"/Users/jitesh/card-game/src/Components/Card/index.js","statementMap":{"0":{"start":{"line":1,"column":42},"end":{"line":1,"column":97}},"1":{"start":{"line":1,"column":98},"end":{"line":1,"column":160}},"2":{"start":{"line":1,"column":160},"end":{"line":1,"column":185}},"3":{"start":{"line":1,"column":208},"end":{"line":1,"column":280}},"4":{"start":{"line":1,"column":294},"end":{"line":1,"column":335}},"5":{"start":{"line":2,"column":19},"end":{"line":2,"column":42}},"6":{"start":{"line":4,"column":17},"end":{"line":4,"column":43}},"7":{"start":{"line":4,"column":63},"end":{"line":4,"column":117}},"8":{"start":{"line":4,"column":166},"end":{"line":4,"column":213}},"9":{"start":{"line":4,"column":201},"end":{"line":4,"column":213}},"10":{"start":{"line":4,"column":237},"end":{"line":4,"column":250}},"11":{"start":{"line":4,"column":274},"end":{"line":4,"column":287}},"12":{"start":{"line":4,"column":288},"end":{"line":4,"column":445}},"13":{"start":{"line":4,"column":371},"end":{"line":4,"column":429}},"14":{"start":{"line":4,"column":498},"end":{"line":4,"column":554}},"15":{"start":{"line":4,"column":542},"end":{"line":4,"column":553}},"16":{"start":{"line":4,"column":554},"end":{"line":4,"column":654}},"17":{"start":{"line":4,"column":629},"end":{"line":4,"column":653}},"18":{"start":{"line":4,"column":666},"end":{"line":4,"column":703}},"19":{"start":{"line":4,"column":704},"end":{"line":4,"column":757}},"20":{"start":{"line":4,"column":734},"end":{"line":4,"column":756}},"21":{"start":{"line":4,"column":770},"end":{"line":4,"column":772}},"22":{"start":{"line":4,"column":801},"end":{"line":4,"column":857}},"23":{"start":{"line":4,"column":858},"end":{"line":4,"column":1150}},"24":{"start":{"line":4,"column":880},"end":{"line":4,"column":1149}},"25":{"start":{"line":4,"column":965},"end":{"line":4,"column":1037}},"26":{"start":{"line":4,"column":1038},"end":{"line":4,"column":1148}},"27":{"start":{"line":4,"column":1075},"end":{"line":4,"column":1116}},"28":{"start":{"line":4,"column":1124},"end":{"line":4,"column":1147}},"29":{"start":{"line":4,"column":1150},"end":{"line":4,"column":1171}},"30":{"start":{"line":4,"column":1171},"end":{"line":4,"column":1207}},"31":{"start":{"line":4,"column":1183},"end":{"line":4,"column":1206}},"32":{"start":{"line":4,"column":1207},"end":{"line":4,"column":1221}},"33":{"start":{"line":4,"column":1275},"end":{"line":4,"column":1294}},"34":{"start":{"line":4,"column":1295},"end":{"line":4,"column":1541}},"35":{"start":{"line":4,"column":1344},"end":{"line":4,"column":1380}},"36":{"start":{"line":4,"column":1381},"end":{"line":4,"column":1540}},"37":{"start":{"line":4,"column":1441},"end":{"line":4,"column":1504}},"38":{"start":{"line":4,"column":1541},"end":{"line":4,"column":1553}},"39":{"start":{"line":4,"column":1586},"end":{"line":4,"column":2049}},"40":{"start":{"line":4,"column":1599},"end":{"line":4,"column":1600}},"41":{"start":{"line":4,"column":1643},"end":{"line":4,"column":1683}},"42":{"start":{"line":4,"column":1684},"end":{"line":4,"column":2048}},"43":{"start":{"line":4,"column":1744},"end":{"line":4,"column":1800}},"44":{"start":{"line":4,"column":1964},"end":{"line":4,"column":2045}},"45":{"start":{"line":4,"column":2049},"end":{"line":4,"column":2063}},"46":{"start":{"line":6,"column":18},"end":{"line":6,"column":61}},"47":{"start":{"line":7,"column":19},"end":{"line":7,"column":63}},"48":{"start":{"line":10,"column":16},"end":{"line":10,"column":29}},"49":{"start":{"line":10,"column":44},"end":{"line":10,"column":61}},"50":{"start":{"line":10,"column":73},"end":{"line":10,"column":87}},"51":{"start":{"line":10,"column":100},"end":{"line":10,"column":115}},"52":{"start":{"line":10,"column":129},"end":{"line":10,"column":145}},"53":{"start":{"line":10,"column":154},"end":{"line":10,"column":165}},"54":{"start":{"line":11,"column":22},"end":{"line":11,"column":84}},"55":{"start":{"line":12,"column":21},"end":{"line":12,"column":22}},"56":{"start":{"line":14,"column":2},"end":{"line":14,"column":99}},"57":{"start":{"line":14,"column":57},"end":{"line":14,"column":67}},"58":{"start":{"line":14,"column":68},"end":{"line":14,"column":96}},"59":{"start":{"line":16,"column":25},"end":{"line":21,"column":47}},"60":{"start":{"line":27,"column":24},"end":{"line":32,"column":49}},"61":{"start":{"line":38,"column":20},"end":{"line":44,"column":3}},"62":{"start":{"line":39,"column":4},"end":{"line":43,"column":12}},"63":{"start":{"line":45,"column":19},"end":{"line":51,"column":3}},"64":{"start":{"line":46,"column":4},"end":{"line":50,"column":12}},"65":{"start":{"line":53,"column":2},"end":{"line":55,"column":28}},"66":{"start":{"line":54,"column":4},"end":{"line":54,"column":44}},"67":{"start":{"line":57,"column":20},"end":{"line":60,"column":3}},"68":{"start":{"line":58,"column":4},"end":{"line":58,"column":52}},"69":{"start":{"line":59,"column":4},"end":{"line":59,"column":18}},"70":{"start":{"line":62,"column":2},"end":{"line":68,"column":190}},"71":{"start":{"line":75,"column":13},"end":{"line":105,"column":23}},"72":{"start":{"line":109,"column":0},"end":{"line":109,"column":25}},"73":{"start":{"line":109,"column":26},"end":{"line":109,"column":53}}},"fnMap":{"0":{"name":"_getRequireWildcardCache","decl":{"start":{"line":4,"column":127},"end":{"line":4,"column":151}},"loc":{"start":{"line":4,"column":165},"end":{"line":4,"column":446}},"line":4},"1":{"name":"_getRequireWildcardCache","decl":{"start":{"line":4,"column":332},"end":{"line":4,"column":356}},"loc":{"start":{"line":4,"column":370},"end":{"line":4,"column":430}},"line":4},"2":{"name":"_interopRequireWildcard","decl":{"start":{"line":4,"column":455},"end":{"line":4,"column":478}},"loc":{"start":{"line":4,"column":497},"end":{"line":4,"column":1222}},"line":4},"3":{"name":"ownKeys","decl":{"start":{"line":4,"column":1231},"end":{"line":4,"column":1238}},"loc":{"start":{"line":4,"column":1263},"end":{"line":4,"column":1554}},"line":4},"4":{"name":"(anonymous_4)","decl":{"start":{"line":4,"column":1425},"end":{"line":4,"column":1426}},"loc":{"start":{"line":4,"column":1440},"end":{"line":4,"column":1505}},"line":4},"5":{"name":"_objectSpread","decl":{"start":{"line":4,"column":1563},"end":{"line":4,"column":1576}},"loc":{"start":{"line":4,"column":1585},"end":{"line":4,"column":2064}},"line":4},"6":{"name":"(anonymous_6)","decl":{"start":{"line":4,"column":1728},"end":{"line":4,"column":1729}},"loc":{"start":{"line":4,"column":1743},"end":{"line":4,"column":1801}},"line":4},"7":{"name":"(anonymous_7)","decl":{"start":{"line":4,"column":1948},"end":{"line":4,"column":1949}},"loc":{"start":{"line":4,"column":1963},"end":{"line":4,"column":2046}},"line":4},"8":{"name":"Card","decl":{"start":{"line":9,"column":9},"end":{"line":9,"column":13}},"loc":{"start":{"line":9,"column":21},"end":{"line":73,"column":1}},"line":9},"9":{"name":"(anonymous_9)","decl":{"start":{"line":14,"column":28},"end":{"line":14,"column":29}},"loc":{"start":{"line":14,"column":44},"end":{"line":14,"column":97}},"line":14},"10":{"name":"flipToFront","decl":{"start":{"line":38,"column":29},"end":{"line":38,"column":40}},"loc":{"start":{"line":38,"column":43},"end":{"line":44,"column":3}},"line":38},"11":{"name":"flipToBack","decl":{"start":{"line":45,"column":28},"end":{"line":45,"column":38}},"loc":{"start":{"line":45,"column":41},"end":{"line":51,"column":3}},"line":45},"12":{"name":"(anonymous_12)","decl":{"start":{"line":53,"column":24},"end":{"line":53,"column":25}},"loc":{"start":{"line":53,"column":36},"end":{"line":55,"column":3}},"line":53},"13":{"name":"handlePress","decl":{"start":{"line":57,"column":29},"end":{"line":57,"column":40}},"loc":{"start":{"line":57,"column":43},"end":{"line":60,"column":3}},"line":57}},"branchMap":{"0":{"loc":{"start":{"line":4,"column":166},"end":{"line":4,"column":213}},"type":"if","locations":[{"start":{"line":4,"column":166},"end":{"line":4,"column":213}},{"start":{},"end":{}}],"line":4},"1":{"loc":{"start":{"line":4,"column":378},"end":{"line":4,"column":428}},"type":"cond-expr","locations":[{"start":{"line":4,"column":392},"end":{"line":4,"column":408}},{"start":{"line":4,"column":411},"end":{"line":4,"column":428}}],"line":4},"2":{"loc":{"start":{"line":4,"column":498},"end":{"line":4,"column":554}},"type":"if","locations":[{"start":{"line":4,"column":498},"end":{"line":4,"column":554}},{"start":{},"end":{}}],"line":4},"3":{"loc":{"start":{"line":4,"column":502},"end":{"line":4,"column":539}},"type":"binary-expr","locations":[{"start":{"line":4,"column":502},"end":{"line":4,"column":514}},{"start":{"line":4,"column":518},"end":{"line":4,"column":521}},{"start":{"line":4,"column":525},"end":{"line":4,"column":539}}],"line":4},"4":{"loc":{"start":{"line":4,"column":554},"end":{"line":4,"column":654}},"type":"if","locations":[{"start":{"line":4,"column":554},"end":{"line":4,"column":654}},{"start":{},"end":{}}],"line":4},"5":{"loc":{"start":{"line":4,"column":558},"end":{"line":4,"column":626}},"type":"binary-expr","locations":[{"start":{"line":4,"column":558},"end":{"line":4,"column":570}},{"start":{"line":4,"column":574},"end":{"line":4,"column":597}},{"start":{"line":4,"column":601},"end":{"line":4,"column":626}}],"line":4},"6":{"loc":{"start":{"line":4,"column":704},"end":{"line":4,"column":757}},"type":"if","locations":[{"start":{"line":4,"column":704},"end":{"line":4,"column":757}},{"start":{},"end":{}}],"line":4},"7":{"loc":{"start":{"line":4,"column":708},"end":{"line":4,"column":731}},"type":"binary-expr","locations":[{"start":{"line":4,"column":708},"end":{"line":4,"column":713}},{"start":{"line":4,"column":717},"end":{"line":4,"column":731}}],"line":4},"8":{"loc":{"start":{"line":4,"column":801},"end":{"line":4,"column":857}},"type":"binary-expr","locations":[{"start":{"line":4,"column":801},"end":{"line":4,"column":822}},{"start":{"line":4,"column":826},"end":{"line":4,"column":857}}],"line":4},"9":{"loc":{"start":{"line":4,"column":880},"end":{"line":4,"column":1149}},"type":"if","locations":[{"start":{"line":4,"column":880},"end":{"line":4,"column":1149}},{"start":{},"end":{}}],"line":4},"10":{"loc":{"start":{"line":4,"column":884},"end":{"line":4,"column":951}},"type":"binary-expr","locations":[{"start":{"line":4,"column":884},"end":{"line":4,"column":901}},{"start":{"line":4,"column":905},"end":{"line":4,"column":951}}],"line":4},"11":{"loc":{"start":{"line":4,"column":965},"end":{"line":4,"column":1037}},"type":"cond-expr","locations":[{"start":{"line":4,"column":989},"end":{"line":4,"column":1030}},{"start":{"line":4,"column":1033},"end":{"line":4,"column":1037}}],"line":4},"12":{"loc":{"start":{"line":4,"column":1038},"end":{"line":4,"column":1148}},"type":"if","locations":[{"start":{"line":4,"column":1038},"end":{"line":4,"column":1148}},{"start":{"line":4,"column":1123},"end":{"line":4,"column":1148}}],"line":4},"13":{"loc":{"start":{"line":4,"column":1042},"end":{"line":4,"column":1072}},"type":"binary-expr","locations":[{"start":{"line":4,"column":1042},"end":{"line":4,"column":1046}},{"start":{"line":4,"column":1051},"end":{"line":4,"column":1059}},{"start":{"line":4,"column":1063},"end":{"line":4,"column":1071}}],"line":4},"14":{"loc":{"start":{"line":4,"column":1171},"end":{"line":4,"column":1207}},"type":"if","locations":[{"start":{"line":4,"column":1171},"end":{"line":4,"column":1207}},{"start":{},"end":{}}],"line":4},"15":{"loc":{"start":{"line":4,"column":1295},"end":{"line":4,"column":1541}},"type":"if","locations":[{"start":{"line":4,"column":1295},"end":{"line":4,"column":1541}},{"start":{},"end":{}}],"line":4},"16":{"loc":{"start":{"line":4,"column":1381},"end":{"line":4,"column":1507}},"type":"binary-expr","locations":[{"start":{"line":4,"column":1381},"end":{"line":4,"column":1395}},{"start":{"line":4,"column":1400},"end":{"line":4,"column":1506}}],"line":4},"17":{"loc":{"start":{"line":4,"column":1643},"end":{"line":4,"column":1683}},"type":"cond-expr","locations":[{"start":{"line":4,"column":1666},"end":{"line":4,"column":1678}},{"start":{"line":4,"column":1681},"end":{"line":4,"column":1683}}],"line":4},"18":{"loc":{"start":{"line":4,"column":1684},"end":{"line":4,"column":2047}},"type":"cond-expr","locations":[{"start":{"line":4,"column":1692},"end":{"line":4,"column":1802}},{"start":{"line":4,"column":1805},"end":{"line":4,"column":2047}}],"line":4},"19":{"loc":{"start":{"line":4,"column":1805},"end":{"line":4,"column":2047}},"type":"cond-expr","locations":[{"start":{"line":4,"column":1840},"end":{"line":4,"column":1913}},{"start":{"line":4,"column":1916},"end":{"line":4,"column":2047}}],"line":4},"20":{"loc":{"start":{"line":54,"column":4},"end":{"line":54,"column":43}},"type":"binary-expr","locations":[{"start":{"line":54,"column":4},"end":{"line":54,"column":14}},{"start":{"line":54,"column":18},"end":{"line":54,"column":27}},{"start":{"line":54,"column":31},"end":{"line":54,"column":43}}],"line":54},"21":{"loc":{"start":{"line":58,"column":4},"end":{"line":58,"column":51}},"type":"binary-expr","locations":[{"start":{"line":58,"column":4},"end":{"line":58,"column":14}},{"start":{"line":58,"column":18},"end":{"line":58,"column":29}},{"start":{"line":58,"column":33},"end":{"line":58,"column":51}}],"line":58}},"s":{"0":2,"1":2,"2":2,"3":2,"4":2,"5":2,"6":2,"7":2,"8":2,"9":0,"10":2,"11":2,"12":2,"13":2,"14":2,"15":0,"16":2,"17":0,"18":2,"19":2,"20":0,"21":2,"22":2,"23":2,"24":56,"25":56,"26":56,"27":0,"28":56,"29":2,"30":2,"31":2,"32":2,"33":78,"34":78,"35":78,"36":78,"37":0,"38":78,"39":78,"40":78,"41":78,"42":78,"43":273,"44":0,"45":78,"46":2,"47":2,"48":14,"49":13,"50":13,"51":13,"52":13,"53":13,"54":13,"55":13,"56":13,"57":0,"58":0,"59":13,"60":13,"61":13,"62":1,"63":13,"64":12,"65":13,"66":12,"67":13,"68":1,"69":1,"70":13,"71":2,"72":2,"73":2},"f":{"0":2,"1":2,"2":2,"3":78,"4":0,"5":78,"6":273,"7":0,"8":14,"9":0,"10":1,"11":12,"12":12,"13":1},"b":{"0":[0,2],"1":[0,2],"2":[0,2],"3":[2,2,2],"4":[0,2],"5":[2,2,0],"6":[0,2],"7":[2,2],"8":[2,2],"9":[56,0],"10":[56,56],"11":[56,0],"12":[0,56],"13":[56,56,56],"14":[2,0],"15":[78,0],"16":[78,78],"17":[78,0],"18":[78,0],"19":[0,0],"20":[12,12,12],"21":[1,1,1]},"inputSourceMap":null,"_coverageSchema":"1a1c01bbd47fc00a2c39e90264f33305004495a9","hash":"c870db6cca3a875604067fbb632aea2e123db45b"}
,"/Users/jitesh/card-game/src/Components/Home/actions.js": {"path":"/Users/jitesh/card-game/src/Components/Home/actions.js","statementMap":{"0":{"start":{"line":1,"column":42},"end":{"line":1,"column":97}},"1":{"start":{"line":1,"column":98},"end":{"line":1,"column":160}},"2":{"start":{"line":1,"column":160},"end":{"line":1,"column":198}},"3":{"start":{"line":1,"column":213},"end":{"line":1,"column":263}},"4":{"start":{"line":4,"column":2},"end":{"line":5,"column":44}}},"fnMap":{"0":{"name":"initiateCards","decl":{"start":{"line":3,"column":9},"end":{"line":3,"column":22}},"loc":{"start":{"line":3,"column":25},"end":{"line":7,"column":1}},"line":3}},"branchMap":{},"s":{"0":1,"1":1,"2":1,"3":1,"4":1},"f":{"0":1},"b":{},"inputSourceMap":null,"_coverageSchema":"1a1c01bbd47fc00a2c39e90264f33305004495a9","hash":"a42788d7390a30f1eb72170595062ec10fbec6c1"}
,"/Users/jitesh/card-game/src/Components/Home/actions.types.js": {"path":"/Users/jitesh/card-game/src/Components/Home/actions.types.js","statementMap":{"0":{"start":{"line":1,"column":13},"end":{"line":1,"column":75}},"1":{"start":{"line":1,"column":75},"end":{"line":1,"column":100}},"2":{"start":{"line":1,"column":118},"end":{"line":2,"column":36}},"3":{"start":{"line":5,"column":0},"end":{"line":5,"column":11}},"4":{"start":{"line":5,"column":12},"end":{"line":5,"column":39}}},"fnMap":{},"branchMap":{},"s":{"0":2,"1":2,"2":2,"3":2,"4":2},"f":{},"b":{},"inputSourceMap":null,"_coverageSchema":"1a1c01bbd47fc00a2c39e90264f33305004495a9","hash":"33952a29f62f5a719e032b55e98639ebf45453ad"}
,"/Users/jitesh/card-game/src/Components/Home/index.js": {"path":"/Users/jitesh/card-game/src/Components/Home/index.js","statementMap":{"0":{"start":{"line":1,"column":42},"end":{"line":1,"column":97}},"1":{"start":{"line":1,"column":98},"end":{"line":1,"column":160}},"2":{"start":{"line":1,"column":160},"end":{"line":1,"column":185}},"3":{"start":{"line":1,"column":211},"end":{"line":1,"column":286}},"4":{"start":{"line":1,"column":309},"end":{"line":1,"column":380}},"5":{"start":{"line":1,"column":394},"end":{"line":1,"column":435}},"6":{"start":{"line":3,"column":19},"end":{"line":3,"column":42}},"7":{"start":{"line":4,"column":18},"end":{"line":4,"column":40}},"8":{"start":{"line":6,"column":12},"end":{"line":6,"column":54}},"9":{"start":{"line":7,"column":15},"end":{"line":7,"column":35}},"10":{"start":{"line":8,"column":17},"end":{"line":8,"column":43}},"11":{"start":{"line":8,"column":63},"end":{"line":8,"column":117}},"12":{"start":{"line":8,"column":166},"end":{"line":8,"column":213}},"13":{"start":{"line":8,"column":201},"end":{"line":8,"column":213}},"14":{"start":{"line":8,"column":237},"end":{"line":8,"column":250}},"15":{"start":{"line":8,"column":274},"end":{"line":8,"column":287}},"16":{"start":{"line":8,"column":288},"end":{"line":8,"column":445}},"17":{"start":{"line":8,"column":371},"end":{"line":8,"column":429}},"18":{"start":{"line":8,"column":498},"end":{"line":8,"column":554}},"19":{"start":{"line":8,"column":542},"end":{"line":8,"column":553}},"20":{"start":{"line":8,"column":554},"end":{"line":8,"column":654}},"21":{"start":{"line":8,"column":629},"end":{"line":8,"column":653}},"22":{"start":{"line":8,"column":666},"end":{"line":8,"column":703}},"23":{"start":{"line":8,"column":704},"end":{"line":8,"column":757}},"24":{"start":{"line":8,"column":734},"end":{"line":8,"column":756}},"25":{"start":{"line":8,"column":770},"end":{"line":8,"column":772}},"26":{"start":{"line":8,"column":801},"end":{"line":8,"column":857}},"27":{"start":{"line":8,"column":858},"end":{"line":8,"column":1150}},"28":{"start":{"line":8,"column":880},"end":{"line":8,"column":1149}},"29":{"start":{"line":8,"column":965},"end":{"line":8,"column":1037}},"30":{"start":{"line":8,"column":1038},"end":{"line":8,"column":1148}},"31":{"start":{"line":8,"column":1075},"end":{"line":8,"column":1116}},"32":{"start":{"line":8,"column":1124},"end":{"line":8,"column":1147}},"33":{"start":{"line":8,"column":1150},"end":{"line":8,"column":1171}},"34":{"start":{"line":8,"column":1171},"end":{"line":8,"column":1207}},"35":{"start":{"line":8,"column":1183},"end":{"line":8,"column":1206}},"36":{"start":{"line":8,"column":1207},"end":{"line":8,"column":1221}},"37":{"start":{"line":10,"column":33},"end":{"line":10,"column":37}},"38":{"start":{"line":10,"column":61},"end":{"line":10,"column":82}},"39":{"start":{"line":10,"column":94},"end":{"line":10,"column":107}},"40":{"start":{"line":11,"column":18},"end":{"line":11,"column":41}},"41":{"start":{"line":11,"column":55},"end":{"line":11,"column":97}},"42":{"start":{"line":11,"column":114},"end":{"line":11,"column":127}},"43":{"start":{"line":11,"column":147},"end":{"line":11,"column":160}},"44":{"start":{"line":12,"column":19},"end":{"line":12,"column":43}},"45":{"start":{"line":12,"column":57},"end":{"line":12,"column":100}},"46":{"start":{"line":12,"column":116},"end":{"line":12,"column":129}},"47":{"start":{"line":12,"column":148},"end":{"line":12,"column":161}},"48":{"start":{"line":13,"column":19},"end":{"line":13,"column":43}},"49":{"start":{"line":13,"column":57},"end":{"line":13,"column":100}},"50":{"start":{"line":13,"column":115},"end":{"line":13,"column":128}},"51":{"start":{"line":13,"column":146},"end":{"line":13,"column":159}},"52":{"start":{"line":14,"column":19},"end":{"line":14,"column":46}},"53":{"start":{"line":14,"column":60},"end":{"line":14,"column":103}},"54":{"start":{"line":14,"column":128},"end":{"line":14,"column":141}},"55":{"start":{"line":14,"column":169},"end":{"line":14,"column":182}},"56":{"start":{"line":15,"column":16},"end":{"line":15,"column":40}},"57":{"start":{"line":17,"column":2},"end":{"line":19,"column":9}},"58":{"start":{"line":18,"column":4},"end":{"line":18,"column":23}},"59":{"start":{"line":21,"column":2},"end":{"line":25,"column":21}},"60":{"start":{"line":22,"column":4},"end":{"line":24,"column":5}},"61":{"start":{"line":23,"column":6},"end":{"line":23,"column":77}},"62":{"start":{"line":27,"column":2},"end":{"line":29,"column":20}},"63":{"start":{"line":28,"column":4},"end":{"line":28,"column":17}},"64":{"start":{"line":31,"column":23},"end":{"line":36,"column":3}},"65":{"start":{"line":32,"column":4},"end":{"line":32,"column":23}},"66":{"start":{"line":33,"column":4},"end":{"line":33,"column":24}},"67":{"start":{"line":34,"column":4},"end":{"line":34,"column":24}},"68":{"start":{"line":35,"column":4},"end":{"line":35,"column":23}},"69":{"start":{"line":38,"column":26},"end":{"line":49,"column":3}},"70":{"start":{"line":39,"column":4},"end":{"line":39,"column":13}},"71":{"start":{"line":40,"column":4},"end":{"line":44,"column":5}},"72":{"start":{"line":41,"column":6},"end":{"line":41,"column":115}},"73":{"start":{"line":42,"column":6},"end":{"line":42,"column":26}},"74":{"start":{"line":43,"column":6},"end":{"line":43,"column":13}},"75":{"start":{"line":46,"column":4},"end":{"line":48,"column":12}},"76":{"start":{"line":47,"column":6},"end":{"line":47,"column":26}},"77":{"start":{"line":51,"column":21},"end":{"line":61,"column":3}},"78":{"start":{"line":52,"column":4},"end":{"line":52,"column":75}},"79":{"start":{"line":52,"column":47},"end":{"line":52,"column":72}},"80":{"start":{"line":54,"column":4},"end":{"line":60,"column":5}},"81":{"start":{"line":55,"column":6},"end":{"line":55,"column":90}},"82":{"start":{"line":56,"column":6},"end":{"line":56,"column":16}},"83":{"start":{"line":58,"column":6},"end":{"line":58,"column":36}},"84":{"start":{"line":59,"column":6},"end":{"line":59,"column":31}},"85":{"start":{"line":63,"column":23},"end":{"line":65,"column":3}},"86":{"start":{"line":64,"column":4},"end":{"line":64,"column":44}},"87":{"start":{"line":67,"column":22},"end":{"line":69,"column":3}},"88":{"start":{"line":68,"column":4},"end":{"line":68,"column":43}},"89":{"start":{"line":71,"column":19},"end":{"line":79,"column":3}},"90":{"start":{"line":72,"column":4},"end":{"line":78,"column":5}},"91":{"start":{"line":73,"column":6},"end":{"line":76,"column":63}},"92":{"start":{"line":81,"column":16},"end":{"line":83,"column":3}},"93":{"start":{"line":82,"column":4},"end":{"line":82,"column":35}},"94":{"start":{"line":84,"column":15},"end":{"line":86,"column":3}},"95":{"start":{"line":85,"column":4},"end":{"line":85,"column":36}},"96":{"start":{"line":88,"column":20},"end":{"line":101,"column":3}},"97":{"start":{"line":89,"column":4},"end":{"line":98,"column":136}},"98":{"start":{"line":89,"column":48},"end":{"line":98,"column":133}},"99":{"start":{"line":93,"column":52},"end":{"line":93,"column":79}},"100":{"start":{"line":103,"column":2},"end":{"line":117,"column":21}},"101":{"start":{"line":123,"column":13},"end":{"line":150,"column":29}},"102":{"start":{"line":154,"column":22},"end":{"line":158,"column":1}},"103":{"start":{"line":155,"column":2},"end":{"line":156,"column":43}},"104":{"start":{"line":160,"column":25},"end":{"line":164,"column":1}},"105":{"start":{"line":161,"column":2},"end":{"line":162,"column":102}},"106":{"start":{"line":162,"column":51},"end":{"line":162,"column":98}},"107":{"start":{"line":166,"column":0},"end":{"line":166,"column":67}},"108":{"start":{"line":166,"column":68},"end":{"line":166,"column":95}}},"fnMap":{"0":{"name":"_getRequireWildcardCache","decl":{"start":{"line":8,"column":127},"end":{"line":8,"column":151}},"loc":{"start":{"line":8,"column":165},"end":{"line":8,"column":446}},"line":8},"1":{"name":"_getRequireWildcardCache","decl":{"start":{"line":8,"column":332},"end":{"line":8,"column":356}},"loc":{"start":{"line":8,"column":370},"end":{"line":8,"column":430}},"line":8},"2":{"name":"_interopRequireWildcard","decl":{"start":{"line":8,"column":455},"end":{"line":8,"column":478}},"loc":{"start":{"line":8,"column":497},"end":{"line":8,"column":1222}},"line":8},"3":{"name":"Home","decl":{"start":{"line":10,"column":9},"end":{"line":10,"column":13}},"loc":{"start":{"line":10,"column":20},"end":{"line":121,"column":1}},"line":10},"4":{"name":"(anonymous_4)","decl":{"start":{"line":17,"column":24},"end":{"line":17,"column":25}},"loc":{"start":{"line":17,"column":36},"end":{"line":19,"column":3}},"line":17},"5":{"name":"(anonymous_5)","decl":{"start":{"line":21,"column":24},"end":{"line":21,"column":25}},"loc":{"start":{"line":21,"column":36},"end":{"line":25,"column":3}},"line":21},"6":{"name":"(anonymous_6)","decl":{"start":{"line":27,"column":24},"end":{"line":27,"column":25}},"loc":{"start":{"line":27,"column":36},"end":{"line":29,"column":3}},"line":27},"7":{"name":"onRestartPress","decl":{"start":{"line":31,"column":32},"end":{"line":31,"column":46}},"loc":{"start":{"line":31,"column":49},"end":{"line":36,"column":3}},"line":31},"8":{"name":"checkIfCardsMatch","decl":{"start":{"line":38,"column":35},"end":{"line":38,"column":52}},"loc":{"start":{"line":38,"column":55},"end":{"line":49,"column":3}},"line":38},"9":{"name":"(anonymous_9)","decl":{"start":{"line":46,"column":33},"end":{"line":46,"column":34}},"loc":{"start":{"line":46,"column":45},"end":{"line":48,"column":5}},"line":46},"10":{"name":"onCardPress","decl":{"start":{"line":51,"column":30},"end":{"line":51,"column":41}},"loc":{"start":{"line":51,"column":49},"end":{"line":61,"column":3}},"line":51},"11":{"name":"(anonymous_11)","decl":{"start":{"line":52,"column":21},"end":{"line":52,"column":22}},"loc":{"start":{"line":52,"column":46},"end":{"line":52,"column":73}},"line":52},"12":{"name":"checkIsClicked","decl":{"start":{"line":63,"column":32},"end":{"line":63,"column":46}},"loc":{"start":{"line":63,"column":58},"end":{"line":65,"column":3}},"line":63},"13":{"name":"checkIsSolved","decl":{"start":{"line":67,"column":31},"end":{"line":67,"column":44}},"loc":{"start":{"line":67,"column":56},"end":{"line":69,"column":3}},"line":67},"14":{"name":"isGameOver","decl":{"start":{"line":71,"column":28},"end":{"line":71,"column":38}},"loc":{"start":{"line":71,"column":41},"end":{"line":79,"column":3}},"line":71},"15":{"name":"disable","decl":{"start":{"line":81,"column":25},"end":{"line":81,"column":32}},"loc":{"start":{"line":81,"column":35},"end":{"line":83,"column":3}},"line":81},"16":{"name":"enable","decl":{"start":{"line":84,"column":24},"end":{"line":84,"column":30}},"loc":{"start":{"line":84,"column":33},"end":{"line":86,"column":3}},"line":84},"17":{"name":"renderCards","decl":{"start":{"line":88,"column":29},"end":{"line":88,"column":40}},"loc":{"start":{"line":88,"column":43},"end":{"line":101,"column":3}},"line":88},"18":{"name":"(anonymous_18)","decl":{"start":{"line":89,"column":24},"end":{"line":89,"column":25}},"loc":{"start":{"line":89,"column":47},"end":{"line":98,"column":134}},"line":89},"19":{"name":"onCardPress","decl":{"start":{"line":93,"column":32},"end":{"line":93,"column":43}},"loc":{"start":{"line":93,"column":51},"end":{"line":93,"column":80}},"line":93},"20":{"name":"mapStateToProps","decl":{"start":{"line":154,"column":31},"end":{"line":154,"column":46}},"loc":{"start":{"line":154,"column":54},"end":{"line":158,"column":1}},"line":154},"21":{"name":"mapDispatchToProps","decl":{"start":{"line":160,"column":34},"end":{"line":160,"column":52}},"loc":{"start":{"line":160,"column":63},"end":{"line":164,"column":1}},"line":160},"22":{"name":"initiateAllCards","decl":{"start":{"line":162,"column":31},"end":{"line":162,"column":47}},"loc":{"start":{"line":162,"column":50},"end":{"line":162,"column":99}},"line":162}},"branchMap":{"0":{"loc":{"start":{"line":8,"column":166},"end":{"line":8,"column":213}},"type":"if","locations":[{"start":{"line":8,"column":166},"end":{"line":8,"column":213}},{"start":{},"end":{}}],"line":8},"1":{"loc":{"start":{"line":8,"column":378},"end":{"line":8,"column":428}},"type":"cond-expr","locations":[{"start":{"line":8,"column":392},"end":{"line":8,"column":408}},{"start":{"line":8,"column":411},"end":{"line":8,"column":428}}],"line":8},"2":{"loc":{"start":{"line":8,"column":498},"end":{"line":8,"column":554}},"type":"if","locations":[{"start":{"line":8,"column":498},"end":{"line":8,"column":554}},{"start":{},"end":{}}],"line":8},"3":{"loc":{"start":{"line":8,"column":502},"end":{"line":8,"column":539}},"type":"binary-expr","locations":[{"start":{"line":8,"column":502},"end":{"line":8,"column":514}},{"start":{"line":8,"column":518},"end":{"line":8,"column":521}},{"start":{"line":8,"column":525},"end":{"line":8,"column":539}}],"line":8},"4":{"loc":{"start":{"line":8,"column":554},"end":{"line":8,"column":654}},"type":"if","locations":[{"start":{"line":8,"column":554},"end":{"line":8,"column":654}},{"start":{},"end":{}}],"line":8},"5":{"loc":{"start":{"line":8,"column":558},"end":{"line":8,"column":626}},"type":"binary-expr","locations":[{"start":{"line":8,"column":558},"end":{"line":8,"column":570}},{"start":{"line":8,"column":574},"end":{"line":8,"column":597}},{"start":{"line":8,"column":601},"end":{"line":8,"column":626}}],"line":8},"6":{"loc":{"start":{"line":8,"column":704},"end":{"line":8,"column":757}},"type":"if","locations":[{"start":{"line":8,"column":704},"end":{"line":8,"column":757}},{"start":{},"end":{}}],"line":8},"7":{"loc":{"start":{"line":8,"column":708},"end":{"line":8,"column":731}},"type":"binary-expr","locations":[{"start":{"line":8,"column":708},"end":{"line":8,"column":713}},{"start":{"line":8,"column":717},"end":{"line":8,"column":731}}],"line":8},"8":{"loc":{"start":{"line":8,"column":801},"end":{"line":8,"column":857}},"type":"binary-expr","locations":[{"start":{"line":8,"column":801},"end":{"line":8,"column":822}},{"start":{"line":8,"column":826},"end":{"line":8,"column":857}}],"line":8},"9":{"loc":{"start":{"line":8,"column":880},"end":{"line":8,"column":1149}},"type":"if","locations":[{"start":{"line":8,"column":880},"end":{"line":8,"column":1149}},{"start":{},"end":{}}],"line":8},"10":{"loc":{"start":{"line":8,"column":884},"end":{"line":8,"column":951}},"type":"binary-expr","locations":[{"start":{"line":8,"column":884},"end":{"line":8,"column":901}},{"start":{"line":8,"column":905},"end":{"line":8,"column":951}}],"line":8},"11":{"loc":{"start":{"line":8,"column":965},"end":{"line":8,"column":1037}},"type":"cond-expr","locations":[{"start":{"line":8,"column":989},"end":{"line":8,"column":1030}},{"start":{"line":8,"column":1033},"end":{"line":8,"column":1037}}],"line":8},"12":{"loc":{"start":{"line":8,"column":1038},"end":{"line":8,"column":1148}},"type":"if","locations":[{"start":{"line":8,"column":1038},"end":{"line":8,"column":1148}},{"start":{"line":8,"column":1123},"end":{"line":8,"column":1148}}],"line":8},"13":{"loc":{"start":{"line":8,"column":1042},"end":{"line":8,"column":1072}},"type":"binary-expr","locations":[{"start":{"line":8,"column":1042},"end":{"line":8,"column":1046}},{"start":{"line":8,"column":1051},"end":{"line":8,"column":1059}},{"start":{"line":8,"column":1063},"end":{"line":8,"column":1071}}],"line":8},"14":{"loc":{"start":{"line":8,"column":1171},"end":{"line":8,"column":1207}},"type":"if","locations":[{"start":{"line":8,"column":1171},"end":{"line":8,"column":1207}},{"start":{},"end":{}}],"line":8},"15":{"loc":{"start":{"line":22,"column":4},"end":{"line":24,"column":5}},"type":"if","locations":[{"start":{"line":22,"column":4},"end":{"line":24,"column":5}},{"start":{},"end":{}}],"line":22},"16":{"loc":{"start":{"line":40,"column":4},"end":{"line":44,"column":5}},"type":"if","locations":[{"start":{"line":40,"column":4},"end":{"line":44,"column":5}},{"start":{},"end":{}}],"line":40},"17":{"loc":{"start":{"line":54,"column":4},"end":{"line":60,"column":5}},"type":"if","locations":[{"start":{"line":54,"column":4},"end":{"line":60,"column":5}},{"start":{"line":57,"column":11},"end":{"line":60,"column":5}}],"line":54},"18":{"loc":{"start":{"line":72,"column":4},"end":{"line":78,"column":5}},"type":"if","locations":[{"start":{"line":72,"column":4},"end":{"line":78,"column":5}},{"start":{},"end":{}}],"line":72}},"s":{"0":1,"1":1,"2":1,"3":1,"4":1,"5":1,"6":1,"7":1,"8":1,"9":1,"10":1,"11":1,"12":1,"13":0,"14":1,"15":1,"16":1,"17":1,"18":1,"19":0,"20":1,"21":0,"22":1,"23":1,"24":0,"25":1,"26":1,"27":1,"28":28,"29":28,"30":28,"31":0,"32":28,"33":1,"34":1,"35":1,"36":1,"37":3,"38":3,"39":2,"40":2,"41":2,"42":2,"43":2,"44":2,"45":2,"46":2,"47":2,"48":2,"49":2,"50":2,"51":2,"52":2,"53":2,"54":2,"55":2,"56":2,"57":2,"58":1,"59":2,"60":1,"61":0,"62":2,"63":1,"64":2,"65":0,"66":0,"67":0,"68":0,"69":2,"70":0,"71":0,"72":0,"73":0,"74":0,"75":0,"76":0,"77":2,"78":0,"79":0,"80":0,"81":0,"82":0,"83":0,"84":0,"85":2,"86":12,"87":2,"88":12,"89":2,"90":1,"91":0,"92":2,"93":0,"94":2,"95":0,"96":2,"97":2,"98":12,"99":0,"100":2,"101":1,"102":1,"103":2,"104":1,"105":1,"106":1,"107":1,"108":1},"f":{"0":1,"1":1,"2":1,"3":3,"4":1,"5":1,"6":1,"7":0,"8":0,"9":0,"10":0,"11":0,"12":12,"13":12,"14":1,"15":0,"16":0,"17":2,"18":12,"19":0,"20":2,"21":1,"22":1},"b":{"0":[0,1],"1":[0,1],"2":[0,1],"3":[1,1,1],"4":[0,1],"5":[1,1,0],"6":[0,1],"7":[1,1],"8":[1,1],"9":[28,0],"10":[28,28],"11":[28,0],"12":[0,28],"13":[28,28,28],"14":[1,0],"15":[0,1],"16":[0,0],"17":[0,0],"18":[0,1]},"inputSourceMap":null,"_coverageSchema":"1a1c01bbd47fc00a2c39e90264f33305004495a9","hash":"21826a4aae8f46860c1c16bb04fe6cc723d1e3c4"}
,"/Users/jitesh/card-game/src/Components/Home/reducer.js": {"path":"/Users/jitesh/card-game/src/Components/Home/reducer.js","statementMap":{"0":{"start":{"line":1,"column":42},"end":{"line":1,"column":97}},"1":{"start":{"line":1,"column":98},"end":{"line":1,"column":160}},"2":{"start":{"line":1,"column":160},"end":{"line":1,"column":190}},"3":{"start":{"line":1,"column":213},"end":{"line":1,"column":285}},"4":{"start":{"line":1,"column":301},"end":{"line":1,"column":351}},"5":{"start":{"line":2,"column":13},"end":{"line":2,"column":35}},"6":{"start":{"line":3,"column":17},"end":{"line":3,"column":43}},"7":{"start":{"line":3,"column":97},"end":{"line":3,"column":116}},"8":{"start":{"line":3,"column":117},"end":{"line":3,"column":363}},"9":{"start":{"line":3,"column":166},"end":{"line":3,"column":202}},"10":{"start":{"line":3,"column":203},"end":{"line":3,"column":362}},"11":{"start":{"line":3,"column":263},"end":{"line":3,"column":326}},"12":{"start":{"line":3,"column":363},"end":{"line":3,"column":375}},"13":{"start":{"line":3,"column":408},"end":{"line":3,"column":871}},"14":{"start":{"line":3,"column":421},"end":{"line":3,"column":422}},"15":{"start":{"line":3,"column":465},"end":{"line":3,"column":505}},"16":{"start":{"line":3,"column":506},"end":{"line":3,"column":870}},"17":{"start":{"line":3,"column":566},"end":{"line":3,"column":622}},"18":{"start":{"line":3,"column":786},"end":{"line":3,"column":867}},"19":{"start":{"line":3,"column":871},"end":{"line":3,"column":885}},"20":{"start":{"line":5,"column":19},"end":{"line":6,"column":16}},"21":{"start":{"line":9,"column":36},"end":{"line":9,"column":116}},"22":{"start":{"line":9,"column":130},"end":{"line":9,"column":177}},"23":{"start":{"line":10,"column":2},"end":{"line":18,"column":27}},"24":{"start":{"line":12,"column":21},"end":{"line":12,"column":199}},"25":{"start":{"line":13,"column":6},"end":{"line":15,"column":30}},"26":{"start":{"line":18,"column":6},"end":{"line":18,"column":26}}},"fnMap":{"0":{"name":"ownKeys","decl":{"start":{"line":3,"column":53},"end":{"line":3,"column":60}},"loc":{"start":{"line":3,"column":85},"end":{"line":3,"column":376}},"line":3},"1":{"name":"(anonymous_1)","decl":{"start":{"line":3,"column":247},"end":{"line":3,"column":248}},"loc":{"start":{"line":3,"column":262},"end":{"line":3,"column":327}},"line":3},"2":{"name":"_objectSpread","decl":{"start":{"line":3,"column":385},"end":{"line":3,"column":398}},"loc":{"start":{"line":3,"column":407},"end":{"line":3,"column":886}},"line":3},"3":{"name":"(anonymous_3)","decl":{"start":{"line":3,"column":550},"end":{"line":3,"column":551}},"loc":{"start":{"line":3,"column":565},"end":{"line":3,"column":623}},"line":3},"4":{"name":"(anonymous_4)","decl":{"start":{"line":3,"column":770},"end":{"line":3,"column":771}},"loc":{"start":{"line":3,"column":785},"end":{"line":3,"column":868}},"line":3},"5":{"name":"homeReducer","decl":{"start":{"line":9,"column":9},"end":{"line":9,"column":20}},"loc":{"start":{"line":9,"column":23},"end":{"line":20,"column":1}},"line":9}},"branchMap":{"0":{"loc":{"start":{"line":3,"column":117},"end":{"line":3,"column":363}},"type":"if","locations":[{"start":{"line":3,"column":117},"end":{"line":3,"column":363}},{"start":{},"end":{}}],"line":3},"1":{"loc":{"start":{"line":3,"column":203},"end":{"line":3,"column":329}},"type":"binary-expr","locations":[{"start":{"line":3,"column":203},"end":{"line":3,"column":217}},{"start":{"line":3,"column":222},"end":{"line":3,"column":328}}],"line":3},"2":{"loc":{"start":{"line":3,"column":465},"end":{"line":3,"column":505}},"type":"cond-expr","locations":[{"start":{"line":3,"column":488},"end":{"line":3,"column":500}},{"start":{"line":3,"column":503},"end":{"line":3,"column":505}}],"line":3},"3":{"loc":{"start":{"line":3,"column":506},"end":{"line":3,"column":869}},"type":"cond-expr","locations":[{"start":{"line":3,"column":514},"end":{"line":3,"column":624}},{"start":{"line":3,"column":627},"end":{"line":3,"column":869}}],"line":3},"4":{"loc":{"start":{"line":3,"column":627},"end":{"line":3,"column":869}},"type":"cond-expr","locations":[{"start":{"line":3,"column":662},"end":{"line":3,"column":735}},{"start":{"line":3,"column":738},"end":{"line":3,"column":869}}],"line":3},"5":{"loc":{"start":{"line":9,"column":36},"end":{"line":9,"column":116}},"type":"cond-expr","locations":[{"start":{"line":9,"column":89},"end":{"line":9,"column":101}},{"start":{"line":9,"column":104},"end":{"line":9,"column":116}}],"line":9},"6":{"loc":{"start":{"line":9,"column":36},"end":{"line":9,"column":86}},"type":"binary-expr","locations":[{"start":{"line":9,"column":36},"end":{"line":9,"column":56}},{"start":{"line":9,"column":60},"end":{"line":9,"column":86}}],"line":9},"7":{"loc":{"start":{"line":9,"column":130},"end":{"line":9,"column":177}},"type":"cond-expr","locations":[{"start":{"line":9,"column":153},"end":{"line":9,"column":165}},{"start":{"line":9,"column":168},"end":{"line":9,"column":177}}],"line":9},"8":{"loc":{"start":{"line":10,"column":2},"end":{"line":18,"column":27}},"type":"switch","locations":[{"start":{"line":11,"column":4},"end":{"line":15,"column":30}},{"start":{"line":17,"column":4},"end":{"line":18,"column":26}}],"line":10}},"s":{"0":2,"1":2,"2":2,"3":2,"4":2,"5":2,"6":2,"7":2,"8":2,"9":2,"10":2,"11":0,"12":2,"13":2,"14":2,"15":3,"16":3,"17":1,"18":0,"19":2,"20":2,"21":6,"22":6,"23":6,"24":1,"25":1,"26":5},"f":{"0":2,"1":0,"2":2,"3":1,"4":0,"5":6},"b":{"0":[2,0],"1":[2,2],"2":[3,0],"3":[2,1],"4":[1,0],"5":[2,4],"6":[6,6],"7":[6,0],"8":[1,5]},"inputSourceMap":null,"_coverageSchema":"1a1c01bbd47fc00a2c39e90264f33305004495a9","hash":"4820b73b26cfae92b3e45fbb5b876b2e129ee56b"}
}
