TN:
SF:src/constants.js
FNF:0
FNH:0
DA:1,2
DA:3,2
DA:5,2
DA:7,2
DA:9,2
LF:5
LH:5
BRF:0
BRH:0
end_of_record
TN:
SF:src/mainReducer.js
FNF:0
FNH:0
DA:1,2
DA:2,2
DA:4,2
DA:8,2
LF:4
LH:4
BRF:0
BRH:0
end_of_record
TN:
SF:src/utils.js
FN:1,shuffleArrayElements
FN:11,generateRandomNumberPairs
FNF:2
FNH:2
FNDA:1,shuffleArrayElements
FNDA:1,generateRandomNumberPairs
DA:1,2
DA:2,1
DA:3,1
DA:4,12
DA:5,12
DA:6,12
DA:8,1
DA:12,1
DA:14,1
DA:15,6
DA:16,6
DA:17,0
DA:19,6
DA:22,1
LF:14
LH:13
BRF:0
BRH:0
end_of_record
TN:
SF:src/Components/Card/index.js
FN:4,_getRequireWildcardCache
FN:4,_getRequireWildcardCache
FN:4,_interopRequireWildcard
FN:4,ownKeys
FN:4,(anonymous_4)
FN:4,_objectSpread
FN:4,(anonymous_6)
FN:4,(anonymous_7)
FN:9,Card
FN:14,(anonymous_9)
FN:38,flipToFront
FN:45,flipToBack
FN:53,(anonymous_12)
FN:57,handlePress
FNF:14
FNH:11
FNDA:2,_getRequireWildcardCache
FNDA:2,_getRequireWildcardCache
FNDA:2,_interopRequireWildcard
FNDA:78,ownKeys
FNDA:0,(anonymous_4)
FNDA:78,_objectSpread
FNDA:273,(anonymous_6)
FNDA:0,(anonymous_7)
FNDA:14,Card
FNDA:0,(anonymous_9)
FNDA:1,flipToFront
FNDA:12,flipToBack
FNDA:12,(anonymous_12)
FNDA:1,handlePress
DA:1,2
DA:2,2
DA:4,273
DA:6,2
DA:7,2
DA:10,14
DA:11,13
DA:12,13
DA:14,13
DA:16,13
DA:27,13
DA:38,13
DA:39,1
DA:45,13
DA:46,12
DA:53,13
DA:54,12
DA:57,13
DA:58,1
DA:59,1
DA:62,13
DA:75,2
DA:109,2
LF:23
LH:23
BRDA:4,0,0,0
BRDA:4,0,1,2
BRDA:4,1,0,0
BRDA:4,1,1,2
BRDA:4,2,0,0
BRDA:4,2,1,2
BRDA:4,3,0,2
BRDA:4,3,1,2
BRDA:4,3,2,2
BRDA:4,4,0,0
BRDA:4,4,1,2
BRDA:4,5,0,2
BRDA:4,5,1,2
BRDA:4,5,2,0
BRDA:4,6,0,0
BRDA:4,6,1,2
BRDA:4,7,0,2
BRDA:4,7,1,2
BRDA:4,8,0,2
BRDA:4,8,1,2
BRDA:4,9,0,56
BRDA:4,9,1,0
BRDA:4,10,0,56
BRDA:4,10,1,56
BRDA:4,11,0,56
BRDA:4,11,1,0
BRDA:4,12,0,0
BRDA:4,12,1,56
BRDA:4,13,0,56
BRDA:4,13,1,56
BRDA:4,13,2,56
BRDA:4,14,0,2
BRDA:4,14,1,0
BRDA:4,15,0,78
BRDA:4,15,1,0
BRDA:4,16,0,78
BRDA:4,16,1,78
BRDA:4,17,0,78
BRDA:4,17,1,0
BRDA:4,18,0,78
BRDA:4,18,1,0
BRDA:4,19,0,0
BRDA:4,19,1,0
BRDA:54,20,0,12
BRDA:54,20,1,12
BRDA:54,20,2,12
BRDA:58,21,0,1
BRDA:58,21,1,1
BRDA:58,21,2,1
BRF:49
BRH:34
end_of_record
TN:
SF:src/Components/Home/actions.js
FN:3,initiateCards
FNF:1
FNH:1
FNDA:1,initiateCards
DA:1,1
DA:4,1
LF:2
LH:2
BRF:0
BRH:0
end_of_record
TN:
SF:src/Components/Home/actions.types.js
FNF:0
FNH:0
DA:1,2
DA:5,2
LF:2
LH:2
BRF:0
BRH:0
end_of_record
TN:
SF:src/Components/Home/index.js
FN:8,_getRequireWildcardCache
FN:8,_getRequireWildcardCache
FN:8,_interopRequireWildcard
FN:10,Home
FN:17,(anonymous_4)
FN:21,(anonymous_5)
FN:27,(anonymous_6)
FN:31,onRestartPress
FN:38,checkIfCardsMatch
FN:46,(anonymous_9)
FN:51,onCardPress
FN:52,(anonymous_11)
FN:63,checkIsClicked
FN:67,checkIsSolved
FN:71,isGameOver
FN:81,disable
FN:84,enable
FN:88,renderCards
FN:89,(anonymous_18)
FN:93,onCardPress
FN:154,mapStateToProps
FN:160,mapDispatchToProps
FN:162,initiateAllCards
FNF:23
FNH:15
FNDA:1,_getRequireWildcardCache
FNDA:1,_getRequireWildcardCache
FNDA:1,_interopRequireWildcard
FNDA:3,Home
FNDA:1,(anonymous_4)
FNDA:1,(anonymous_5)
FNDA:1,(anonymous_6)
FNDA:0,onRestartPress
FNDA:0,checkIfCardsMatch
FNDA:0,(anonymous_9)
FNDA:0,onCardPress
FNDA:0,(anonymous_11)
FNDA:12,checkIsClicked
FNDA:12,checkIsSolved
FNDA:1,isGameOver
FNDA:0,disable
FNDA:0,enable
FNDA:2,renderCards
FNDA:12,(anonymous_18)
FNDA:0,onCardPress
FNDA:2,mapStateToProps
FNDA:1,mapDispatchToProps
FNDA:1,initiateAllCards
DA:1,1
DA:3,1
DA:4,1
DA:6,1
DA:7,1
DA:8,28
DA:10,3
DA:11,2
DA:12,2
DA:13,2
DA:14,2
DA:15,2
DA:17,2
DA:18,1
DA:21,2
DA:22,1
DA:23,0
DA:27,2
DA:28,1
DA:31,2
DA:32,0
DA:33,0
DA:34,0
DA:35,0
DA:38,2
DA:39,0
DA:40,0
DA:41,0
DA:42,0
DA:43,0
DA:46,0
DA:47,0
DA:51,2
DA:52,0
DA:54,0
DA:55,0
DA:56,0
DA:58,0
DA:59,0
DA:63,2
DA:64,12
DA:67,2
DA:68,12
DA:71,2
DA:72,1
DA:73,0
DA:81,2
DA:82,0
DA:84,2
DA:85,0
DA:88,2
DA:89,12
DA:93,0
DA:103,2
DA:123,1
DA:154,1
DA:155,2
DA:160,1
DA:161,1
DA:162,1
DA:166,1
LF:61
LH:39
BRDA:8,0,0,0
BRDA:8,0,1,1
BRDA:8,1,0,0
BRDA:8,1,1,1
BRDA:8,2,0,0
BRDA:8,2,1,1
BRDA:8,3,0,1
BRDA:8,3,1,1
BRDA:8,3,2,1
BRDA:8,4,0,0
BRDA:8,4,1,1
BRDA:8,5,0,1
BRDA:8,5,1,1
BRDA:8,5,2,0
BRDA:8,6,0,0
BRDA:8,6,1,1
BRDA:8,7,0,1
BRDA:8,7,1,1
BRDA:8,8,0,1
BRDA:8,8,1,1
BRDA:8,9,0,28
BRDA:8,9,1,0
BRDA:8,10,0,28
BRDA:8,10,1,28
BRDA:8,11,0,28
BRDA:8,11,1,0
BRDA:8,12,0,0
BRDA:8,12,1,28
BRDA:8,13,0,28
BRDA:8,13,1,28
BRDA:8,13,2,28
BRDA:8,14,0,1
BRDA:8,14,1,0
BRDA:22,15,0,0
BRDA:22,15,1,1
BRDA:40,16,0,0
BRDA:40,16,1,0
BRDA:54,17,0,0
BRDA:54,17,1,0
BRDA:72,18,0,0
BRDA:72,18,1,1
BRF:41
BRH:25
end_of_record
TN:
SF:src/Components/Home/reducer.js
FN:3,ownKeys
FN:3,(anonymous_1)
FN:3,_objectSpread
FN:3,(anonymous_3)
FN:3,(anonymous_4)
FN:9,homeReducer
FNF:6
FNH:4
FNDA:2,ownKeys
FNDA:0,(anonymous_1)
FNDA:2,_objectSpread
FNDA:1,(anonymous_3)
FNDA:0,(anonymous_4)
FNDA:6,homeReducer
DA:1,2
DA:2,2
DA:3,3
DA:5,2
DA:9,6
DA:10,6
DA:12,1
DA:13,1
DA:18,5
LF:9
LH:9
BRDA:3,0,0,2
BRDA:3,0,1,0
BRDA:3,1,0,2
BRDA:3,1,1,2
BRDA:3,2,0,3
BRDA:3,2,1,0
BRDA:3,3,0,2
BRDA:3,3,1,1
BRDA:3,4,0,1
BRDA:3,4,1,0
BRDA:9,5,0,2
BRDA:9,5,1,4
BRDA:9,6,0,6
BRDA:9,6,1,6
BRDA:9,7,0,6
BRDA:9,7,1,0
BRDA:10,8,0,1
BRDA:10,8,1,5
BRF:18
BRH:14
end_of_record
